app/build/intermediates/manifest_merge_blame_file/debug/manifest-merger-blame-debug-report.txt
1<?xml version="1.0" encoding="utf-8"?>
2<manifest xmlns:android="http://schemas.android.com/apk/res/android"
3    package="cn.wch.ch34xuartdemo"
4    android:versionCode="12"
5    android:versionName="1.2" >
6
7    <uses-sdk
7-->src\main\AndroidManifest.xml:7:5-47
8        android:minSdkVersion="12"
8-->src\main\AndroidManifest.xml:7:5-47
9        android:targetSdkVersion="19" />
9-->src\main\AndroidManifest.xml:7:15-44
10
11    <uses-feature android:name="android.hardware.usb.host" />
11-->src\main\AndroidManifest.xml:6:2-59
11-->src\main\AndroidManifest.xml:6:16-56
12
13    <application
13-->src\main\AndroidManifest.xml:9:5-43:19
14        android:allowBackup="true"
14-->src\main\AndroidManifest.xml:10:9-35
15        android:debuggable="true"
16        android:icon="@drawable/icon"
16-->src\main\AndroidManifest.xml:11:9-38
17        android:label="蜻蜓科技"
17-->src\main\AndroidManifest.xml:12:9-29
18        android:testOnly="true"
19        android:theme="@style/AppTheme" >
19-->src\main\AndroidManifest.xml:13:9-40
20        <activity
20-->src\main\AndroidManifest.xml:14:9-39:20
21            android:name="cn.wch.ch34xuartdriver.MainActivity"
21-->src\main\AndroidManifest.xml:15:13-63
22            android:configChanges="keyboardHidden|orientation|screenSize"
22-->src\main\AndroidManifest.xml:18:13-74
23            android:label="蜻蜓科技"
23-->src\main\AndroidManifest.xml:17:13-33
24            android:launchMode="singleTask"
24-->src\main\AndroidManifest.xml:19:13-44
25            android:screenOrientation="portrait" >
25-->src\main\AndroidManifest.xml:16:13-49
26            <intent-filter>
26-->src\main\AndroidManifest.xml:20:13-24:29
27                <action android:name="android.intent.action.MAIN" />
27-->src\main\AndroidManifest.xml:21:17-69
27-->src\main\AndroidManifest.xml:21:25-66
28
29                <category android:name="android.intent.category.LAUNCHER" />
29-->src\main\AndroidManifest.xml:23:17-77
29-->src\main\AndroidManifest.xml:23:27-74
30            </intent-filter>
31            <intent-filter>
31-->src\main\AndroidManifest.xml:26:4-28:20
32                <action android:name="android.hardware.usb.action.USB_DEVICE_ATTACHED" />
32-->src\main\AndroidManifest.xml:27:6-79
32-->src\main\AndroidManifest.xml:27:14-76
33            </intent-filter>
34            <intent-filter>
34-->src\main\AndroidManifest.xml:32:14-35:29
35                <action android:name="android.media.action.IMAGE_CAPTURE" />
35-->src\main\AndroidManifest.xml:33:17-76
35-->src\main\AndroidManifest.xml:33:25-74
36
37                <category android:name="android.intent.category.DEFAULT" />
37-->src\main\AndroidManifest.xml:34:17-75
37-->src\main\AndroidManifest.xml:34:27-73
38            </intent-filter>
39
40            <meta-data
40-->src\main\AndroidManifest.xml:36:6-120
41                android:name="android.hardware.usb.action.USB_DEVICE_ATTACHED"
41-->src\main\AndroidManifest.xml:36:17-79
42                android:resource="@xml/device_filter" />
42-->src\main\AndroidManifest.xml:36:80-117
43        </activity>
44    </application>
45
46</manifest>